# JRE version: OpenJDK Runtime Environment (21.0.10) (build 21.0.10+-14961533-b1163.108)
# Java VM: OpenJDK 64-Bit Server VM (21.0.10+-14961533-b1163.108, mixed mode, tiered, compressed oops, compressed class ptrs, g1 gc, windows-amd64)
GC Precious Log:
 CardTable entry size: 512
 Card Set container configuration: InlinePtr #cards 5 size 8 Array Of Cards #cards 12 size 40 Howl #buckets 4 coarsen threshold 1843 Howl Bitmap #cards 512 size 80 coarsen threshold 460 Card regions per heap region 1 cards per card region 2048
 CPUs: 12 total, 12 available
 Memory: 7498M
 Large Page Support: Disabled
 NUMA Support: Disabled
 Compressed Oops: Enabled (32-bit)
 Heap Region Size: 1M
 Heap Min Capacity: 8M
 Heap Initial Capacity: 118M
 Heap Max Capacity: 1876M
 Pre-touch: Disabled
 Parallel Workers: 10
 Concurrent Workers: 3
 Concurrent Refinement Workers: 10
 Periodic GC: Disabled
Heap:
 garbage-first heap   total 106496K, used 59263K [0x000000008ac00000, 0x0000000100000000)
  region size 1024K, 3 young (3072K), 3 survivors (3072K)
 Metaspace       used 54299K, committed 54592K, reserved 1114112K
  class space    used 6288K, committed 6400K, reserved 1048576K
GC Heap History (20 events):
Event: 1.972 GC heap after
{Heap after GC invocations=6 (full 0):
 garbage-first heap   total 37888K, used 19968K [0x000000008ac00000, 0x0000000100000000)
  region size 1024K, 2 young (2048K), 2 survivors (2048K)
 Metaspace       used 26941K, committed 27264K, reserved 1114112K
  class space    used 2967K, committed 3136K, reserved 1048576K
}
Event: 2.142 GC heap before
{Heap before GC invocations=6 (full 0):
 garbage-first heap   total 37888K, used 29184K [0x000000008ac00000, 0x0000000100000000)
  region size 1024K, 11 young (11264K), 2 survivors (2048K)
 Metaspace       used 28617K, committed 28928K, reserved 1114112K
  class space    used 3149K, committed 3264K, reserved 1048576K
}
Event: 2.145 GC heap after
{Heap after GC invocations=7 (full 0):
 garbage-first heap   total 60416K, used 22272K [0x000000008ac00000, 0x0000000100000000)
  region size 1024K, 2 young (2048K), 2 survivors (2048K)
 Metaspace       used 28617K, committed 28928K, reserved 1114112K
  class space    used 3149K, committed 3264K, reserved 1048576K
}
Event: 2.584 GC heap before
{Heap before GC invocations=8 (full 0):
 garbage-first heap   total 60416K, used 44800K [0x000000008ac00000, 0x0000000100000000)
  region size 1024K, 25 young (25600K), 2 survivors (2048K)
 Metaspace       used 34666K, committed 34880K, reserved 1114112K
  class space    used 4313K, committed 4416K, reserved 1048576K
}
Event: 2.588 GC heap after
{Heap after GC invocations=9 (full 0):
 garbage-first heap   total 60416K, used 24131K [0x000000008ac00000, 0x0000000100000000)
  region size 1024K, 4 young (4096K), 4 survivors (4096K)
 Metaspace       used 34666K, committed 34880K, reserved 1114112K
  class space    used 4313K, committed 4416K, reserved 1048576K
}
Event: 2.866 GC heap before
{Heap before GC invocations=9 (full 0):
 garbage-first heap   total 60416K, used 46659K [0x000000008ac00000, 0x0000000100000000)
  region size 1024K, 26 young (26624K), 4 survivors (4096K)
 Metaspace       used 38157K, committed 38400K, reserved 1114112K
  class space    used 4682K, committed 4800K, reserved 1048576K
}
Event: 2.877 GC heap after
{Heap after GC invocations=10 (full 0):
 garbage-first heap   total 60416K, used 27254K [0x000000008ac00000, 0x0000000100000000)
  region size 1024K, 4 young (4096K), 4 survivors (4096K)
 Metaspace       used 38157K, committed 38400K, reserved 1114112K
  class space    used 4682K, committed 4800K, reserved 1048576K
}
Event: 3.266 GC heap before
{Heap before GC invocations=10 (full 0):
 garbage-first heap   total 60416K, used 46710K [0x000000008ac00000, 0x0000000100000000)
  region size 1024K, 24 young (24576K), 4 survivors (4096K)
 Metaspace       used 43711K, committed 43968K, reserved 1114112K
  class space    used 5239K, committed 5376K, reserved 1048576K
}
Event: 3.272 GC heap after
{Heap after GC invocations=11 (full 0):
 garbage-first heap   total 60416K, used 28929K [0x000000008ac00000, 0x0000000100000000)
  region size 1024K, 2 young (2048K), 2 survivors (2048K)
 Metaspace       used 43711K, committed 43968K, reserved 1114112K
  class space    used 5239K, committed 5376K, reserved 1048576K
}
Event: 3.601 GC heap before
{Heap before GC invocations=11 (full 0):
 garbage-first heap   total 60416K, used 49409K [0x000000008ac00000, 0x0000000100000000)
  region size 1024K, 22 young (22528K), 2 survivors (2048K)
 Metaspace       used 47036K, committed 47296K, reserved 1114112K
  class space    used 5551K, committed 5696K, reserved 1048576K
}
Event: 3.608 GC heap after
{Heap after GC invocations=12 (full 0):
 garbage-first heap   total 72704K, used 32068K [0x000000008ac00000, 0x0000000100000000)
  region size 1024K, 3 young (3072K), 3 survivors (3072K)
 Metaspace       used 47036K, committed 47296K, reserved 1114112K
  class space    used 5551K, committed 5696K, reserved 1048576K
}
Event: 4.063 GC heap before
{Heap before GC invocations=13 (full 0):
 garbage-first heap   total 72704K, used 58692K [0x000000008ac00000, 0x0000000100000000)
  region size 1024K, 29 young (29696K), 3 survivors (3072K)
 Metaspace       used 50645K, committed 50944K, reserved 1114112K
  class space    used 5943K, committed 6080K, reserved 1048576K
}
Event: 4.071 GC heap after
{Heap after GC invocations=14 (full 0):
 garbage-first heap   total 72704K, used 36213K [0x000000008ac00000, 0x0000000100000000)
  region size 1024K, 4 young (4096K), 4 survivors (4096K)
 Metaspace       used 50645K, committed 50944K, reserved 1114112K
  class space    used 5943K, committed 6080K, reserved 1048576K
}
Event: 4.180 GC heap before
{Heap before GC invocations=14 (full 0):
 garbage-first heap   total 72704K, used 60789K [0x000000008ac00000, 0x0000000100000000)
  region size 1024K, 28 young (28672K), 4 survivors (4096K)
 Metaspace       used 51299K, committed 51584K, reserved 1114112K
  class space    used 5996K, committed 6144K, reserved 1048576K
}
Event: 4.194 GC heap after
{Heap after GC invocations=15 (full 0):
 garbage-first heap   total 74752K, used 45056K [0x000000008ac00000, 0x0000000100000000)
  region size 1024K, 4 young (4096K), 4 survivors (4096K)
 Metaspace       used 51299K, committed 51584K, reserved 1114112K
  class space    used 5996K, committed 6144K, reserved 1048576K
}
Event: 4.339 GC heap before
{Heap before GC invocations=15 (full 0):
 garbage-first heap   total 74752K, used 62464K [0x000000008ac00000, 0x0000000100000000)
  region size 1024K, 21 young (21504K), 4 survivors (4096K)
 Metaspace       used 51777K, committed 52032K, reserved 1114112K
  class space    used 6023K, committed 6144K, reserved 1048576K
}
Event: 4.349 GC heap after
{Heap after GC invocations=16 (full 0):
 garbage-first heap   total 74752K, used 51200K [0x000000008ac00000, 0x0000000100000000)
  region size 1024K, 3 young (3072K), 3 survivors (3072K)
 Metaspace       used 51777K, committed 52032K, reserved 1114112K
  class space    used 6023K, committed 6144K, reserved 1048576K
}
Event: 4.464 GC heap before
{Heap before GC invocations=17 (full 0):
 garbage-first heap   total 86016K, used 64512K [0x000000008ac00000, 0x0000000100000000)
  region size 1024K, 16 young (16384K), 3 survivors (3072K)
 Metaspace       used 51916K, committed 52160K, reserved 1114112K
  class space    used 6033K, committed 6144K, reserved 1048576K
}
Event: 4.470 GC heap after
{Heap after GC invocations=18 (full 0):
 garbage-first heap   total 86016K, used 55960K [0x000000008ac00000, 0x0000000100000000)
  region size 1024K, 2 young (2048K), 2 survivors (2048K)
 Metaspace       used 51916K, committed 52160K, reserved 1114112K
  class space    used 6033K, committed 6144K, reserved 1048576K
}
Event: 4.708 GC heap before
{Heap before GC invocations=18 (full 0):
 garbage-first heap   total 86016K, used 71320K [0x000000008ac00000, 0x0000000100000000)
  region size 1024K, 18 young (18432K), 2 survivors (2048K)
 Metaspace       used 54299K, committed 54592K, reserved 1114112K
  class space    used 6288K, committed 6400K, reserved 1048576K
}

